[2026-04-14T02:40:13Z] === ENRICH ITERATION 1 START | repo=google/brotli sha=e61745a6 ===
[2026-04-14T02:40:13Z] [iter=1] PHASE START: enrich repo=google/brotli sha=e61745a6 runlog=/home/runner/work/forx/forx/storage/aggregate/lsp/logs/e61745a6-enrich-iter-001.log output=/home/runner/work/forx/forx/storage/aggregate/lsp/e61745a6b7add50d380cfd7d3883dd6c62fc2c71.nq.gz
[2026-04-14T02:40:13Z] [iter=1] Step 1: Loading AST into disk-backed store mem_mb=77 MB
[2026-04-14T02:40:41Z] [iter=1] AST store loaded triples=3394831 load_secs=27 mem_mb=897 MB
[2026-04-14T02:40:41Z] [iter=1] Step 2: Finding LSP targets mem_mb=897 MB
[2026-04-14T02:40:47Z] [iter=1] LSP targets found call_sites=6377 imports=616 extends=63 implements=0 secs=6
[2026-04-14T02:40:53Z] [iter=1] Step 2.7: Building position index (one-shot, shared across resolvers) mem_mb=897 MB
[2026-04-14T02:41:05Z] [iter=1] Position index built positions=98791 nodes_with_types=113507 secs=11 mem_mb=897 MB
[2026-04-14T02:41:05Z] [iter=1] Step 3: Starting LSP resolution mem_mb=897 MB already_completed_types=[] already_completed_files=0
[2026-04-14T02:41:05Z] [iter=1] Resolving target type target_type=call_site count=6377
[2026-04-14T02:41:23Z] [iter=1] HEARTBEAT target_type=call_site elapsed_min=1.2 files_done=0 resolved=0 errors=0 current=java/org/brotli/wrapper/enc/BrotliOutputStreamTest.java
[2026-04-14T02:42:45Z] [iter=1] HEARTBEAT target_type=call_site elapsed_min=2.5 files_done=2 resolved=11 errors=59 current=java/org/brotli/wrapper/dec/DecoderJNI.java
[2026-04-14T02:43:21Z] [iter=1] HEARTBEAT target_type=call_site elapsed_min=3.1 files_done=7 resolved=20 errors=85 current=java/org/brotli/wrapper/enc/EncoderJNI.java
[2026-04-14T02:44:30Z] [iter=1] HEARTBEAT target_type=call_site elapsed_min=4.3 files_done=10 resolved=25 errors=136 current=java/org/brotli/wrapper/dec/Decoder.java
[2026-04-14T02:45:00Z] [iter=1] HEARTBEAT target_type=call_site elapsed_min=4.8 files_done=19 resolved=38 errors=158 current=java/org/brotli/dec/BrotliInputStream.java
[2026-04-14T02:45:32Z] [iter=1] HEARTBEAT target_type=call_site elapsed_min=5.3 files_done=22 resolved=49 errors=181 current=java/org/brotli/wrapper/enc/BrotliOutputStream.java
[2026-04-14T02:46:02Z] [iter=1] HEARTBEAT target_type=call_site elapsed_min=5.8 files_done=32 resolved=61 errors=204 current=java/org/brotli/wrapper/dec/BrotliDecoderChannelTest.java
[2026-04-14T02:50:08Z] [iter=1] HEARTBEAT target_type=call_site elapsed_min=9.9 files_done=41 resolved=67 errors=384 current=c/dec/decode.c
[2026-04-14T02:54:35Z] [iter=1] HEARTBEAT target_type=call_site elapsed_min=14.4 files_done=42 resolved=75 errors=587 current=c/enc/encode.c
[2026-04-14T02:58:39Z] [iter=1] HEARTBEAT target_type=call_site elapsed_min=18.4 files_done=43 resolved=88 errors=772 current=c/enc/ringbuffer.h
[2026-04-14T03:01:07Z] [iter=1] HEARTBEAT target_type=call_site elapsed_min=20.9 files_done=45 resolved=97 errors=884 current=research/find_opt_references.cc
[2026-04-14T03:02:09Z] [iter=1] HEARTBEAT target_type=call_site elapsed_min=21.9 files_done=47 resolved=128 errors=931 current=research/dictionary_generator.cc
[2026-04-14T03:03:46Z] [iter=1] HEARTBEAT target_type=call_site elapsed_min=23.6 files_done=48 resolved=184 errors=1004 current=c/enc/metablock_inc.h
[2026-04-14T03:06:11Z] [iter=1] HEARTBEAT target_type=call_site elapsed_min=26.0 files_done=50 resolved=186 errors=1114 current=c/dec/state.c
[2026-04-14T03:07:15Z] [iter=1] HEARTBEAT target_type=call_site elapsed_min=27.0 files_done=52 resolved=331 errors=1162 current=c/enc/hash_forgetful_chain_inc.h
[2026-04-14T03:09:14Z] [iter=1] HEARTBEAT target_type=call_site elapsed_min=29.0 files_done=55 resolved=331 errors=1252 current=c/dec/huffman.c
[2026-04-14T03:12:07Z] [iter=1] HEARTBEAT target_type=call_site elapsed_min=31.9 files_done=57 resolved=358 errors=1383 current=research/sieve.cc
[2026-04-14T03:12:57Z] [iter=1] HEARTBEAT target_type=call_site elapsed_min=32.7 files_done=58 resolved=367 errors=1421 current=c/enc/cluster_inc.h
[2026-04-14T03:14:53Z] [iter=1] HEARTBEAT target_type=call_site elapsed_min=34.7 files_done=60 resolved=367 errors=1509 current=c/enc/backward_references_inc.h
[2026-04-14T03:16:57Z] [iter=1] HEARTBEAT target_type=call_site elapsed_min=36.7 files_done=63 resolved=388 errors=1603 current=research/draw_diff.cc
[2026-04-14T03:18:15Z] [iter=1] HEARTBEAT target_type=call_site elapsed_min=38.0 files_done=65 resolved=410 errors=1662 current=c/dec/bit_reader.h
[2026-04-14T03:19:07Z] [iter=1] HEARTBEAT target_type=call_site elapsed_min=38.9 files_done=66 resolved=411 errors=1701 current=c/enc/hash_longest_match_quickly_inc.h
[2026-04-14T03:19:43Z] [iter=1] HEARTBEAT target_type=call_site elapsed_min=39.5 files_done=69 resolved=411 errors=1728 current=c/enc/literal_cost.c
[2026-04-14T03:20:23Z] [iter=1] HEARTBEAT target_type=call_site elapsed_min=40.2 files_done=72 resolved=411 errors=1758 current=c/enc/hash_rolling_inc.h
[2026-04-14T03:21:12Z] [iter=1] HEARTBEAT target_type=call_site elapsed_min=41.0 files_done=77 resolved=431 errors=1795 current=c/enc/find_match_length.h
[2026-04-14T03:22:06Z] [iter=1] HEARTBEAT target_type=call_site elapsed_min=41.9 files_done=80 resolved=431 errors=1836 current=c/dec/bit_reader.c
[2026-04-14T03:22:36Z] [iter=1] HEARTBEAT target_type=call_site elapsed_min=42.4 files_done=84 resolved=433 errors=1859 current=c/enc/memory.c
[2026-04-14T03:23:09Z] [iter=1] HEARTBEAT target_type=call_site elapsed_min=42.9 files_done=88 resolved=437 errors=1884 current=c/fuzz/decode_fuzzer.c
[2026-04-14T03:23:42Z] [iter=1] HEARTBEAT target_type=call_site elapsed_min=43.5 files_done=99 resolved=465 errors=1908 current=c/include/brotli/decode.h
[2026-04-14T03:24:14Z] [iter=1] HEARTBEAT target_type=call_site elapsed_min=44.0 files_done=109 resolved=465 errors=1932 current=c/dec/huffman.h
[2026-04-14T03:24:55Z] [iter=1] HEARTBEAT target_type=call_site elapsed_min=44.7 files_done=113 resolved=484 errors=8338 current=python/tests/_test_utils.py
[2026-04-14T03:30:51Z] [iter=1] HEARTBEAT target_type=call_site elapsed_min=50.6 files_done=115 resolved=741 errors=8604 current=python/tests/decompressor_test.py
[2026-04-14T03:31:26Z] [iter=1] HEARTBEAT target_type=call_site elapsed_min=51.2 files_done=117 resolved=764 errors=8630 current=python/tests/compressor_test.py
[2026-04-14T03:32:00Z] [iter=1] HEARTBEAT target_type=call_site elapsed_min=51.8 files_done=118 resolved=783 errors=8656 current=scripts/dictionary/step-04-generate-java-literals.py
[2026-04-14T03:32:53Z] [iter=1] HEARTBEAT target_type=call_site elapsed_min=52.7 files_done=121 resolved=827 errors=8696 current=setup.py
[2026-04-14T03:33:34Z] [iter=1] HEARTBEAT target_type=call_site elapsed_min=53.4 files_done=123 resolved=853 errors=8726 current=scripts/dictionary/step-01-download-rfc.py
[2026-04-14T03:37:06Z] [iter=1] HEARTBEAT target_type=call_site elapsed_min=56.9 files_done=128 resolved=916 errors=8880 current=go/cbrotli/writer.go
[2026-04-14T03:37:57Z] [iter=1] HEARTBEAT target_type=call_site elapsed_min=57.7 files_done=130 resolved=934 errors=8917 current=js/decode.js
[2026-04-14T03:41:54Z] [iter=1] HEARTBEAT target_type=call_site elapsed_min=61.7 files_done=131 resolved=945 errors=9095 current=js/decode_test.js
[2026-04-14T03:42:03Z] [iter=1] Target type resolved target_type=call_site resolved=960 errors=9102 secs=3659 mem_mb=897 MB
[2026-04-14T03:42:03Z] [iter=1] Resolving target type target_type=import_statement count=616
[2026-04-14T03:42:24Z] [iter=1] Target type resolved target_type=import_statement resolved=363 errors=0 secs=20 mem_mb=897 MB
[2026-04-14T03:42:24Z] [iter=1] Resolving target type target_type=extends_clause count=63
[2026-04-14T03:42:24Z] [iter=1] HEARTBEAT target_type=extends_clause elapsed_min=62.2 files_done=0 resolved=0 errors=0 current=python/tests/compressor_test.py
[2026-04-14T03:42:33Z] [iter=1] Target type resolved target_type=extends_clause resolved=37 errors=0 secs=9 mem_mb=897 MB
[2026-04-14T03:42:47Z] [iter=1] Step 5: Writing final enrichment file triples=35251
[2026-04-14T03:42:48Z] [iter=1] Enrichment file written path=/home/runner/work/forx/forx/storage/aggregate/lsp/e61745a6b7add50d380cfd7d3883dd6c62fc2c71.nq.gz size_kb=773
[2026-04-14T03:42:48Z] [iter=1] PHASE END: enrich elapsed_s=3755 elapsed_min=62.6 total_triples=35251
